Analysis & Synthesis report for ULA
Sat Jul 31 00:00:01 2021
Quartus Prime Version 20.1.0 Build 711 06/05/2020 SJ Lite Edition


---------------------
; Table of Contents ;
---------------------
  1. Legal Notice
  2. Analysis & Synthesis Summary
  3. Analysis & Synthesis Settings
  4. Parallel Compilation
  5. Analysis & Synthesis Source Files Read
  6. Analysis & Synthesis Resource Usage Summary
  7. Analysis & Synthesis Resource Utilization by Entity
  8. User-Specified and Inferred Latches
  9. General Register Statistics
 10. Inverted Register Statistics
 11. Multiplexer Restructuring Statistics (Restructuring Performed)
 12. Parameter Settings for User Entity Instance: counter_2_numbers:counter|counter:A_counter
 13. Parameter Settings for User Entity Instance: counter_2_numbers:counter|counter:B_counter
 14. Port Connectivity Checks: "Add_Sub_C2:Sub_C2"
 15. Port Connectivity Checks: "Add_Sub_C2:Add_C2"
 16. Post-Synthesis Netlist Statistics for Top Partition
 17. Elapsed Time Per Partition
 18. Analysis & Synthesis Messages



----------------
; Legal Notice ;
----------------
Copyright (C) 2020  Intel Corporation. All rights reserved.
Your use of Intel Corporation's design tools, logic functions 
and other software and tools, and any partner logic 
functions, and any output files from any of the foregoing 
(including device programming or simulation files), and any 
associated documentation or information are expressly subject 
to the terms and conditions of the Intel Program License 
Subscription Agreement, the Intel Quartus Prime License Agreement,
the Intel FPGA IP License Agreement, or other applicable license
agreement, including, without limitation, that your use is for
the sole purpose of programming logic devices manufactured by
Intel and sold by Intel or its authorized distributors.  Please
refer to the applicable agreement for further details, at
https://fpgasoftware.intel.com/eula.



+----------------------------------------------------------------------------------+
; Analysis & Synthesis Summary                                                     ;
+------------------------------------+---------------------------------------------+
; Analysis & Synthesis Status        ; Successful - Sat Jul 31 00:00:01 2021       ;
; Quartus Prime Version              ; 20.1.0 Build 711 06/05/2020 SJ Lite Edition ;
; Revision Name                      ; ULA                                         ;
; Top-level Entity Name              ; ULA                                         ;
; Family                             ; Cyclone IV E                                ;
; Total logic elements               ; 131                                         ;
;     Total combinational functions  ; 131                                         ;
;     Dedicated logic registers      ; 54                                          ;
; Total registers                    ; 54                                          ;
; Total pins                         ; 21                                          ;
; Total virtual pins                 ; 0                                           ;
; Total memory bits                  ; 0                                           ;
; Embedded Multiplier 9-bit elements ; 0                                           ;
; Total PLLs                         ; 0                                           ;
+------------------------------------+---------------------------------------------+


+------------------------------------------------------------------------------------------------------------+
; Analysis & Synthesis Settings                                                                              ;
+------------------------------------------------------------------+--------------------+--------------------+
; Option                                                           ; Setting            ; Default Value      ;
+------------------------------------------------------------------+--------------------+--------------------+
; Top-level entity name                                            ; ULA                ; ULA                ;
; Family name                                                      ; Cyclone IV E       ; Cyclone V          ;
; Use smart compilation                                            ; Off                ; Off                ;
; Enable parallel Assembler and Timing Analyzer during compilation ; On                 ; On                 ;
; Enable compact report table                                      ; Off                ; Off                ;
; Restructure Multiplexers                                         ; Auto               ; Auto               ;
; Create Debugging Nodes for IP Cores                              ; Off                ; Off                ;
; Preserve fewer node names                                        ; On                 ; On                 ;
; Intel FPGA IP Evaluation Mode                                    ; Enable             ; Enable             ;
; Verilog Version                                                  ; Verilog_2001       ; Verilog_2001       ;
; VHDL Version                                                     ; VHDL_1993          ; VHDL_1993          ;
; State Machine Processing                                         ; Auto               ; Auto               ;
; Safe State Machine                                               ; Off                ; Off                ;
; Extract Verilog State Machines                                   ; On                 ; On                 ;
; Extract VHDL State Machines                                      ; On                 ; On                 ;
; Ignore Verilog initial constructs                                ; Off                ; Off                ;
; Iteration limit for constant Verilog loops                       ; 5000               ; 5000               ;
; Iteration limit for non-constant Verilog loops                   ; 250                ; 250                ;
; Add Pass-Through Logic to Inferred RAMs                          ; On                 ; On                 ;
; Infer RAMs from Raw Logic                                        ; On                 ; On                 ;
; Parallel Synthesis                                               ; On                 ; On                 ;
; DSP Block Balancing                                              ; Auto               ; Auto               ;
; NOT Gate Push-Back                                               ; On                 ; On                 ;
; Power-Up Don't Care                                              ; On                 ; On                 ;
; Remove Redundant Logic Cells                                     ; Off                ; Off                ;
; Remove Duplicate Registers                                       ; On                 ; On                 ;
; Ignore CARRY Buffers                                             ; Off                ; Off                ;
; Ignore CASCADE Buffers                                           ; Off                ; Off                ;
; Ignore GLOBAL Buffers                                            ; Off                ; Off                ;
; Ignore ROW GLOBAL Buffers                                        ; Off                ; Off                ;
; Ignore LCELL Buffers                                             ; Off                ; Off                ;
; Ignore SOFT Buffers                                              ; On                 ; On                 ;
; Limit AHDL Integers to 32 Bits                                   ; Off                ; Off                ;
; Optimization Technique                                           ; Balanced           ; Balanced           ;
; Carry Chain Length                                               ; 70                 ; 70                 ;
; Auto Carry Chains                                                ; On                 ; On                 ;
; Auto Open-Drain Pins                                             ; On                 ; On                 ;
; Perform WYSIWYG Primitive Resynthesis                            ; Off                ; Off                ;
; Auto ROM Replacement                                             ; On                 ; On                 ;
; Auto RAM Replacement                                             ; On                 ; On                 ;
; Auto DSP Block Replacement                                       ; On                 ; On                 ;
; Auto Shift Register Replacement                                  ; Auto               ; Auto               ;
; Allow Shift Register Merging across Hierarchies                  ; Auto               ; Auto               ;
; Auto Clock Enable Replacement                                    ; On                 ; On                 ;
; Strict RAM Replacement                                           ; Off                ; Off                ;
; Allow Synchronous Control Signals                                ; On                 ; On                 ;
; Force Use of Synchronous Clear Signals                           ; Off                ; Off                ;
; Auto RAM Block Balancing                                         ; On                 ; On                 ;
; Auto RAM to Logic Cell Conversion                                ; Off                ; Off                ;
; Auto Resource Sharing                                            ; Off                ; Off                ;
; Allow Any RAM Size For Recognition                               ; Off                ; Off                ;
; Allow Any ROM Size For Recognition                               ; Off                ; Off                ;
; Allow Any Shift Register Size For Recognition                    ; Off                ; Off                ;
; Use LogicLock Constraints during Resource Balancing              ; On                 ; On                 ;
; Ignore translate_off and synthesis_off directives                ; Off                ; Off                ;
; Timing-Driven Synthesis                                          ; On                 ; On                 ;
; Report Parameter Settings                                        ; On                 ; On                 ;
; Report Source Assignments                                        ; On                 ; On                 ;
; Report Connectivity Checks                                       ; On                 ; On                 ;
; Ignore Maximum Fan-Out Assignments                               ; Off                ; Off                ;
; Synchronization Register Chain Length                            ; 2                  ; 2                  ;
; Power Optimization During Synthesis                              ; Normal compilation ; Normal compilation ;
; HDL message level                                                ; Level2             ; Level2             ;
; Suppress Register Optimization Related Messages                  ; Off                ; Off                ;
; Number of Removed Registers Reported in Synthesis Report         ; 5000               ; 5000               ;
; Number of Swept Nodes Reported in Synthesis Report               ; 5000               ; 5000               ;
; Number of Inverted Registers Reported in Synthesis Report        ; 100                ; 100                ;
; Clock MUX Protection                                             ; On                 ; On                 ;
; Auto Gated Clock Conversion                                      ; Off                ; Off                ;
; Block Design Naming                                              ; Auto               ; Auto               ;
; SDC constraint protection                                        ; Off                ; Off                ;
; Synthesis Effort                                                 ; Auto               ; Auto               ;
; Shift Register Replacement - Allow Asynchronous Clear Signal     ; On                 ; On                 ;
; Pre-Mapping Resynthesis Optimization                             ; Off                ; Off                ;
; Analysis & Synthesis Message Level                               ; Medium             ; Medium             ;
; Disable Register Merging Across Hierarchies                      ; Auto               ; Auto               ;
; Resource Aware Inference For Block RAM                           ; On                 ; On                 ;
+------------------------------------------------------------------+--------------------+--------------------+


+------------------------------------------+
; Parallel Compilation                     ;
+----------------------------+-------------+
; Processors                 ; Number      ;
+----------------------------+-------------+
; Number detected on machine ; 4           ;
; Maximum allowed            ; 2           ;
;                            ;             ;
; Average used               ; 1.00        ;
; Maximum used               ; 2           ;
;                            ;             ;
; Usage by Processor         ; % Time Used ;
;     Processor 1            ; 100.0%      ;
;     Processor 2            ;   0.0%      ;
+----------------------------+-------------+


+----------------------------------------------------------------------------------------------------------------------------------------------------------------+
; Analysis & Synthesis Source Files Read                                                                                                                         ;
+----------------------------------+-----------------+-----------------------+-------------------------------------------------------------------------+---------+
; File Name with User-Entered Path ; Used in Netlist ; File Type             ; File Name with Absolute Path                                            ; Library ;
+----------------------------------+-----------------+-----------------------+-------------------------------------------------------------------------+---------+
; ULA.vhd                          ; yes             ; User VHDL File        ; C:/Users/chris/Desktop/quartus/Trabalhos/ULA/code/ULA.vhd               ;         ;
; counter_2_numbers.vhd            ; yes             ; Auto-Found VHDL File  ; C:/Users/chris/Desktop/quartus/Trabalhos/ULA/code/counter_2_numbers.vhd ;         ;
; counter.vhd                      ; yes             ; Auto-Found VHDL File  ; C:/Users/chris/Desktop/quartus/Trabalhos/ULA/code/counter.vhd           ;         ;
; add_sub_c2.vhd                   ; yes             ; Auto-Found VHDL File  ; C:/Users/chris/Desktop/quartus/Trabalhos/ULA/code/add_sub_c2.vhd        ;         ;
; fa_4_bits.vhd                    ; yes             ; Auto-Found VHDL File  ; C:/Users/chris/Desktop/quartus/Trabalhos/ULA/code/fa_4_bits.vhd         ;         ;
; fa.vhd                           ; yes             ; Auto-Found VHDL File  ; C:/Users/chris/Desktop/quartus/Trabalhos/ULA/code/fa.vhd                ;         ;
+----------------------------------+-----------------+-----------------------+-------------------------------------------------------------------------+---------+


+---------------------------------------------------------+
; Analysis & Synthesis Resource Usage Summary             ;
+---------------------------------------------+-----------+
; Resource                                    ; Usage     ;
+---------------------------------------------+-----------+
; Estimated Total logic elements              ; 131       ;
;                                             ;           ;
; Total combinational functions               ; 131       ;
; Logic element usage by number of LUT inputs ;           ;
;     -- 4 input functions                    ; 59        ;
;     -- 3 input functions                    ; 20        ;
;     -- <=2 input functions                  ; 52        ;
;                                             ;           ;
; Logic elements by mode                      ;           ;
;     -- normal mode                          ; 87        ;
;     -- arithmetic mode                      ; 44        ;
;                                             ;           ;
; Total registers                             ; 54        ;
;     -- Dedicated logic registers            ; 54        ;
;     -- I/O registers                        ; 0         ;
;                                             ;           ;
; I/O pins                                    ; 21        ;
;                                             ;           ;
; Embedded Multiplier 9-bit elements          ; 0         ;
;                                             ;           ;
; Maximum fan-out node                        ; CLK~input ;
; Maximum fan-out                             ; 54        ;
; Total fan-out                               ; 590       ;
; Average fan-out                             ; 2.59      ;
+---------------------------------------------+-----------+


+--------------------------------------------------------------------------------------------------------------------------------------------------------------------------------------------------------------------------------------------------+
; Analysis & Synthesis Resource Utilization by Entity                                                                                                                                                                                              ;
+--------------------------------+---------------------+---------------------------+-------------+--------------+---------+-----------+------+--------------+---------------------------------------------------+-------------------+--------------+
; Compilation Hierarchy Node     ; Combinational ALUTs ; Dedicated Logic Registers ; Memory Bits ; DSP Elements ; DSP 9x9 ; DSP 18x18 ; Pins ; Virtual Pins ; Full Hierarchy Name                               ; Entity Name       ; Library Name ;
+--------------------------------+---------------------+---------------------------+-------------+--------------+---------+-----------+------+--------------+---------------------------------------------------+-------------------+--------------+
; |ULA                           ; 131 (41)            ; 54 (0)                    ; 0           ; 0            ; 0       ; 0         ; 21   ; 0            ; |ULA                                              ; ULA               ; work         ;
;    |Add_Sub_C2:Add_C2|         ; 4 (0)               ; 0 (0)                     ; 0           ; 0            ; 0       ; 0         ; 0    ; 0            ; |ULA|Add_Sub_C2:Add_C2                            ; Add_Sub_C2        ; work         ;
;       |FA_4_bits:Full_Adder|   ; 4 (0)               ; 0 (0)                     ; 0           ; 0            ; 0       ; 0         ; 0    ; 0            ; |ULA|Add_Sub_C2:Add_C2|FA_4_bits:Full_Adder       ; FA_4_bits         ; work         ;
;          |FA:a1|               ; 2 (2)               ; 0 (0)                     ; 0           ; 0            ; 0       ; 0         ; 0    ; 0            ; |ULA|Add_Sub_C2:Add_C2|FA_4_bits:Full_Adder|FA:a1 ; FA                ; work         ;
;          |FA:a2|               ; 1 (1)               ; 0 (0)                     ; 0           ; 0            ; 0       ; 0         ; 0    ; 0            ; |ULA|Add_Sub_C2:Add_C2|FA_4_bits:Full_Adder|FA:a2 ; FA                ; work         ;
;          |FA:a3|               ; 1 (1)               ; 0 (0)                     ; 0           ; 0            ; 0       ; 0         ; 0    ; 0            ; |ULA|Add_Sub_C2:Add_C2|FA_4_bits:Full_Adder|FA:a3 ; FA                ; work         ;
;    |Add_Sub_C2:Sub_C2|         ; 6 (1)               ; 0 (0)                     ; 0           ; 0            ; 0       ; 0         ; 0    ; 0            ; |ULA|Add_Sub_C2:Sub_C2                            ; Add_Sub_C2        ; work         ;
;       |FA_4_bits:Full_Adder|   ; 5 (0)               ; 0 (0)                     ; 0           ; 0            ; 0       ; 0         ; 0    ; 0            ; |ULA|Add_Sub_C2:Sub_C2|FA_4_bits:Full_Adder       ; FA_4_bits         ; work         ;
;          |FA:a0|               ; 1 (1)               ; 0 (0)                     ; 0           ; 0            ; 0       ; 0         ; 0    ; 0            ; |ULA|Add_Sub_C2:Sub_C2|FA_4_bits:Full_Adder|FA:a0 ; FA                ; work         ;
;          |FA:a1|               ; 2 (2)               ; 0 (0)                     ; 0           ; 0            ; 0       ; 0         ; 0    ; 0            ; |ULA|Add_Sub_C2:Sub_C2|FA_4_bits:Full_Adder|FA:a1 ; FA                ; work         ;
;          |FA:a2|               ; 1 (1)               ; 0 (0)                     ; 0           ; 0            ; 0       ; 0         ; 0    ; 0            ; |ULA|Add_Sub_C2:Sub_C2|FA_4_bits:Full_Adder|FA:a2 ; FA                ; work         ;
;          |FA:a3|               ; 1 (1)               ; 0 (0)                     ; 0           ; 0            ; 0       ; 0         ; 0    ; 0            ; |ULA|Add_Sub_C2:Sub_C2|FA_4_bits:Full_Adder|FA:a3 ; FA                ; work         ;
;    |counter_2_numbers:counter| ; 80 (0)              ; 54 (0)                    ; 0           ; 0            ; 0       ; 0         ; 0    ; 0            ; |ULA|counter_2_numbers:counter                    ; counter_2_numbers ; work         ;
;       |counter:A_counter|      ; 40 (40)             ; 27 (27)                   ; 0           ; 0            ; 0       ; 0         ; 0    ; 0            ; |ULA|counter_2_numbers:counter|counter:A_counter  ; counter           ; work         ;
;       |counter:B_counter|      ; 40 (40)             ; 27 (27)                   ; 0           ; 0            ; 0       ; 0         ; 0    ; 0            ; |ULA|counter_2_numbers:counter|counter:B_counter  ; counter           ; work         ;
+--------------------------------+---------------------+---------------------------+-------------+--------------+---------+-----------+------+--------------+---------------------------------------------------+-------------------+--------------+
Note: For table entries with two numbers listed, the numbers in parentheses indicate the number of resources of the given type used by the specific entity alone. The numbers listed outside of parentheses indicate the total resources of the given type used by the specific entity and all of its sub-entities in the hierarchy.


+---------------------------------------------------------------------------------------------------+
; User-Specified and Inferred Latches                                                               ;
+----------------------------------------------------+---------------------+------------------------+
; Latch Name                                         ; Latch Enable Signal ; Free of Timing Hazards ;
+----------------------------------------------------+---------------------+------------------------+
; res_bin[1]                                         ; RESULT              ; yes                    ;
; res_bin[2]                                         ; RESULT              ; yes                    ;
; res_bin[3]                                         ; RESULT              ; yes                    ;
; res_bin[0]                                         ; RESULT              ; yes                    ;
; Number of user-specified and inferred latches = 4  ;                     ;                        ;
+----------------------------------------------------+---------------------+------------------------+
Note: All latches listed above may not be present at the end of synthesis due to various synthesis optimizations.


+------------------------------------------------------+
; General Register Statistics                          ;
+----------------------------------------------+-------+
; Statistic                                    ; Value ;
+----------------------------------------------+-------+
; Total registers                              ; 54    ;
; Number of registers using Synchronous Clear  ; 0     ;
; Number of registers using Synchronous Load   ; 0     ;
; Number of registers using Asynchronous Clear ; 0     ;
; Number of registers using Asynchronous Load  ; 0     ;
; Number of registers using Clock Enable       ; 46    ;
; Number of registers using Preset             ; 0     ;
+----------------------------------------------+-------+


+------------------------------------------------------------------------------------------+
; Inverted Register Statistics                                                             ;
+--------------------------------------------------------------------------------+---------+
; Inverted Register                                                              ; Fan out ;
+--------------------------------------------------------------------------------+---------+
; counter_2_numbers:counter|counter:A_counter|\counter_process:counter_output[3] ; 8       ;
; counter_2_numbers:counter|counter:B_counter|\counter_process:counter_output[3] ; 8       ;
; Total number of inverted registers = 2                                         ;         ;
+--------------------------------------------------------------------------------+---------+


+------------------------------------------------------------------------------------------------------------------------------------------+
; Multiplexer Restructuring Statistics (Restructuring Performed)                                                                           ;
+--------------------+-----------+---------------+----------------------+------------------------+------------+----------------------------+
; Multiplexer Inputs ; Bus Width ; Baseline Area ; Area if Restructured ; Saving if Restructured ; Registered ; Example Multiplexer Output ;
+--------------------+-----------+---------------+----------------------+------------------------+------------+----------------------------+
; 3:1                ; 2 bits    ; 4 LEs         ; 4 LEs                ; 0 LEs                  ; No         ; |ULA|OVER                  ;
; 3:1                ; 3 bits    ; 6 LEs         ; 6 LEs                ; 0 LEs                  ; No         ; |ULA|RESULT                ;
; 8:1                ; 4 bits    ; 20 LEs        ; 12 LEs               ; 8 LEs                  ; No         ; |ULA|res_bin               ;
+--------------------+-----------+---------------+----------------------+------------------------+------------+----------------------------+


+------------------------------------------------------------------------------------------+
; Parameter Settings for User Entity Instance: counter_2_numbers:counter|counter:A_counter ;
+----------------+-------+-----------------------------------------------------------------+
; Parameter Name ; Value ; Type                                                            ;
+----------------+-------+-----------------------------------------------------------------+
; times          ; 2     ; Signed Integer                                                  ;
+----------------+-------+-----------------------------------------------------------------+
Note: In order to hide this table in the UI and the text report file, please set the "Show Parameter Settings in Synthesis Report" option in "Analysis and Synthesis Settings -> More Settings" to "Off".


+------------------------------------------------------------------------------------------+
; Parameter Settings for User Entity Instance: counter_2_numbers:counter|counter:B_counter ;
+----------------+-------+-----------------------------------------------------------------+
; Parameter Name ; Value ; Type                                                            ;
+----------------+-------+-----------------------------------------------------------------+
; times          ; 1     ; Signed Integer                                                  ;
+----------------+-------+-----------------------------------------------------------------+
Note: In order to hide this table in the UI and the text report file, please set the "Show Parameter Settings in Synthesis Report" option in "Analysis and Synthesis Settings -> More Settings" to "Off".


+-----------------------------------------------+
; Port Connectivity Checks: "Add_Sub_C2:Sub_C2" ;
+--------+-------+----------+-------------------+
; Port   ; Type  ; Severity ; Details           ;
+--------+-------+----------+-------------------+
; is_add ; Input ; Info     ; Stuck at GND      ;
+--------+-------+----------+-------------------+


+-----------------------------------------------+
; Port Connectivity Checks: "Add_Sub_C2:Add_C2" ;
+--------+-------+----------+-------------------+
; Port   ; Type  ; Severity ; Details           ;
+--------+-------+----------+-------------------+
; is_add ; Input ; Info     ; Stuck at VCC      ;
+--------+-------+----------+-------------------+


+-----------------------------------------------------+
; Post-Synthesis Netlist Statistics for Top Partition ;
+-----------------------+-----------------------------+
; Type                  ; Count                       ;
+-----------------------+-----------------------------+
; boundary_port         ; 21                          ;
; cycloneiii_ff         ; 54                          ;
;     ENA               ; 46                          ;
;     plain             ; 8                           ;
; cycloneiii_io_obuf    ; 1                           ;
; cycloneiii_lcell_comb ; 134                         ;
;     arith             ; 44                          ;
;         2 data inputs ; 44                          ;
;     normal            ; 90                          ;
;         1 data inputs ; 5                           ;
;         2 data inputs ; 6                           ;
;         3 data inputs ; 20                          ;
;         4 data inputs ; 59                          ;
;                       ;                             ;
; Max LUT depth         ; 7.50                        ;
; Average LUT depth     ; 5.71                        ;
+-----------------------+-----------------------------+


+-------------------------------+
; Elapsed Time Per Partition    ;
+----------------+--------------+
; Partition Name ; Elapsed Time ;
+----------------+--------------+
; Top            ; 00:00:01     ;
+----------------+--------------+


+-------------------------------+
; Analysis & Synthesis Messages ;
+-------------------------------+
Info: *******************************************************************
Info: Running Quartus Prime Analysis & Synthesis
    Info: Version 20.1.0 Build 711 06/05/2020 SJ Lite Edition
    Info: Processing started: Fri Jul 30 23:59:46 2021
Info: Command: quartus_map --read_settings_files=on --write_settings_files=off ULA -c ULA
Warning (18236): Number of processors has not been specified which may cause overloading on shared machines.  Set the global assignment NUM_PARALLEL_PROCESSORS in your QSF to an appropriate value for best performance.
Info (20030): Parallel compilation is enabled and will use 2 of the 2 processors detected
Info (12021): Found 2 design units, including 1 entities, in source file ula.vhd
    Info (12022): Found design unit 1: ULA-hardware File: C:/Users/chris/Desktop/quartus/Trabalhos/ULA/code/ULA.vhd Line: 51
    Info (12023): Found entity 1: ULA File: C:/Users/chris/Desktop/quartus/Trabalhos/ULA/code/ULA.vhd Line: 34
Info (12127): Elaborating entity "ULA" for the top level hierarchy
Warning (10492): VHDL Process Statement warning at ULA.vhd(93): signal "resAdd" is read inside the Process Statement but isn't in the Process Statement's sensitivity list File: C:/Users/chris/Desktop/quartus/Trabalhos/ULA/code/ULA.vhd Line: 93
Warning (10492): VHDL Process Statement warning at ULA.vhd(94): signal "zer_add" is read inside the Process Statement but isn't in the Process Statement's sensitivity list File: C:/Users/chris/Desktop/quartus/Trabalhos/ULA/code/ULA.vhd Line: 94
Warning (10492): VHDL Process Statement warning at ULA.vhd(95): signal "neg_add" is read inside the Process Statement but isn't in the Process Statement's sensitivity list File: C:/Users/chris/Desktop/quartus/Trabalhos/ULA/code/ULA.vhd Line: 95
Warning (10492): VHDL Process Statement warning at ULA.vhd(96): signal "over_add" is read inside the Process Statement but isn't in the Process Statement's sensitivity list File: C:/Users/chris/Desktop/quartus/Trabalhos/ULA/code/ULA.vhd Line: 96
Warning (10492): VHDL Process Statement warning at ULA.vhd(97): signal "cout_add" is read inside the Process Statement but isn't in the Process Statement's sensitivity list File: C:/Users/chris/Desktop/quartus/Trabalhos/ULA/code/ULA.vhd Line: 97
Warning (10492): VHDL Process Statement warning at ULA.vhd(101): signal "resSub" is read inside the Process Statement but isn't in the Process Statement's sensitivity list File: C:/Users/chris/Desktop/quartus/Trabalhos/ULA/code/ULA.vhd Line: 101
Warning (10492): VHDL Process Statement warning at ULA.vhd(102): signal "zer_sub" is read inside the Process Statement but isn't in the Process Statement's sensitivity list File: C:/Users/chris/Desktop/quartus/Trabalhos/ULA/code/ULA.vhd Line: 102
Warning (10492): VHDL Process Statement warning at ULA.vhd(103): signal "neg_sub" is read inside the Process Statement but isn't in the Process Statement's sensitivity list File: C:/Users/chris/Desktop/quartus/Trabalhos/ULA/code/ULA.vhd Line: 103
Warning (10492): VHDL Process Statement warning at ULA.vhd(104): signal "over_sub" is read inside the Process Statement but isn't in the Process Statement's sensitivity list File: C:/Users/chris/Desktop/quartus/Trabalhos/ULA/code/ULA.vhd Line: 104
Warning (10492): VHDL Process Statement warning at ULA.vhd(105): signal "cout_sub" is read inside the Process Statement but isn't in the Process Statement's sensitivity list File: C:/Users/chris/Desktop/quartus/Trabalhos/ULA/code/ULA.vhd Line: 105
Warning (10492): VHDL Process Statement warning at ULA.vhd(141): signal "res_bin" is read inside the Process Statement but isn't in the Process Statement's sensitivity list File: C:/Users/chris/Desktop/quartus/Trabalhos/ULA/code/ULA.vhd Line: 141
Warning (10492): VHDL Process Statement warning at ULA.vhd(148): signal "res_bin" is read inside the Process Statement but isn't in the Process Statement's sensitivity list File: C:/Users/chris/Desktop/quartus/Trabalhos/ULA/code/ULA.vhd Line: 148
Warning (10631): VHDL Process Statement warning at ULA.vhd(88): inferring latch(es) for signal or variable "res_bin", which holds its previous value in one or more paths through the process File: C:/Users/chris/Desktop/quartus/Trabalhos/ULA/code/ULA.vhd Line: 88
Info (10041): Inferred latch for "res_bin[0]" at ULA.vhd(88) File: C:/Users/chris/Desktop/quartus/Trabalhos/ULA/code/ULA.vhd Line: 88
Info (10041): Inferred latch for "res_bin[1]" at ULA.vhd(88) File: C:/Users/chris/Desktop/quartus/Trabalhos/ULA/code/ULA.vhd Line: 88
Info (10041): Inferred latch for "res_bin[2]" at ULA.vhd(88) File: C:/Users/chris/Desktop/quartus/Trabalhos/ULA/code/ULA.vhd Line: 88
Info (10041): Inferred latch for "res_bin[3]" at ULA.vhd(88) File: C:/Users/chris/Desktop/quartus/Trabalhos/ULA/code/ULA.vhd Line: 88
Warning (12125): Using design file counter_2_numbers.vhd, which is not specified as a design file for the current project, but contains definitions for 2 design units and 1 entities in project
    Info (12022): Found design unit 1: counter_2_numbers-hardware File: C:/Users/chris/Desktop/quartus/Trabalhos/ULA/code/counter_2_numbers.vhd Line: 30
    Info (12023): Found entity 1: counter_2_numbers File: C:/Users/chris/Desktop/quartus/Trabalhos/ULA/code/counter_2_numbers.vhd Line: 17
Info (12128): Elaborating entity "counter_2_numbers" for hierarchy "counter_2_numbers:counter" File: C:/Users/chris/Desktop/quartus/Trabalhos/ULA/code/ULA.vhd Line: 80
Warning (12125): Using design file counter.vhd, which is not specified as a design file for the current project, but contains definitions for 2 design units and 1 entities in project
    Info (12022): Found design unit 1: counter-hardware File: C:/Users/chris/Desktop/quartus/Trabalhos/ULA/code/counter.vhd Line: 29
    Info (12023): Found entity 1: counter File: C:/Users/chris/Desktop/quartus/Trabalhos/ULA/code/counter.vhd Line: 16
Info (12128): Elaborating entity "counter" for hierarchy "counter_2_numbers:counter|counter:A_counter" File: C:/Users/chris/Desktop/quartus/Trabalhos/ULA/code/counter_2_numbers.vhd Line: 43
Warning (10542): VHDL Variable Declaration warning at counter.vhd(36): used initial value expression for variable "maximum" because variable was never assigned a value File: C:/Users/chris/Desktop/quartus/Trabalhos/ULA/code/counter.vhd Line: 36
Warning (10492): VHDL Process Statement warning at counter.vhd(39): signal "pause" is read inside the Process Statement but isn't in the Process Statement's sensitivity list File: C:/Users/chris/Desktop/quartus/Trabalhos/ULA/code/counter.vhd Line: 39
Info (12128): Elaborating entity "counter" for hierarchy "counter_2_numbers:counter|counter:B_counter" File: C:/Users/chris/Desktop/quartus/Trabalhos/ULA/code/counter_2_numbers.vhd Line: 44
Warning (10542): VHDL Variable Declaration warning at counter.vhd(36): used initial value expression for variable "maximum" because variable was never assigned a value File: C:/Users/chris/Desktop/quartus/Trabalhos/ULA/code/counter.vhd Line: 36
Warning (10492): VHDL Process Statement warning at counter.vhd(39): signal "pause" is read inside the Process Statement but isn't in the Process Statement's sensitivity list File: C:/Users/chris/Desktop/quartus/Trabalhos/ULA/code/counter.vhd Line: 39
Warning (12125): Using design file add_sub_c2.vhd, which is not specified as a design file for the current project, but contains definitions for 2 design units and 1 entities in project
    Info (12022): Found design unit 1: Add_Sub_C2-hardware File: C:/Users/chris/Desktop/quartus/Trabalhos/ULA/code/add_sub_c2.vhd Line: 36
    Info (12023): Found entity 1: Add_Sub_C2 File: C:/Users/chris/Desktop/quartus/Trabalhos/ULA/code/add_sub_c2.vhd Line: 21
Info (12128): Elaborating entity "Add_Sub_C2" for hierarchy "Add_Sub_C2:Add_C2" File: C:/Users/chris/Desktop/quartus/Trabalhos/ULA/code/ULA.vhd Line: 85
Warning (10542): VHDL Variable Declaration warning at add_sub_c2.vhd(53): used initial value expression for variable "signalA" because variable was never assigned a value File: C:/Users/chris/Desktop/quartus/Trabalhos/ULA/code/add_sub_c2.vhd Line: 53
Warning (10542): VHDL Variable Declaration warning at add_sub_c2.vhd(54): used initial value expression for variable "signalB" because variable was never assigned a value File: C:/Users/chris/Desktop/quartus/Trabalhos/ULA/code/add_sub_c2.vhd Line: 54
Warning (10492): VHDL Process Statement warning at add_sub_c2.vhd(64): signal "IS_ADD" is read inside the Process Statement but isn't in the Process Statement's sensitivity list File: C:/Users/chris/Desktop/quartus/Trabalhos/ULA/code/add_sub_c2.vhd Line: 64
Warning (10542): VHDL Variable Declaration warning at add_sub_c2.vhd(79): used initial value expression for variable "signalA" because variable was never assigned a value File: C:/Users/chris/Desktop/quartus/Trabalhos/ULA/code/add_sub_c2.vhd Line: 79
Warning (10542): VHDL Variable Declaration warning at add_sub_c2.vhd(80): used initial value expression for variable "signalB" because variable was never assigned a value File: C:/Users/chris/Desktop/quartus/Trabalhos/ULA/code/add_sub_c2.vhd Line: 80
Warning (10542): VHDL Variable Declaration warning at add_sub_c2.vhd(81): used initial value expression for variable "A_diff_B" because variable was never assigned a value File: C:/Users/chris/Desktop/quartus/Trabalhos/ULA/code/add_sub_c2.vhd Line: 81
Warning (10492): VHDL Process Statement warning at add_sub_c2.vhd(84): signal "res_map" is read inside the Process Statement but isn't in the Process Statement's sensitivity list File: C:/Users/chris/Desktop/quartus/Trabalhos/ULA/code/add_sub_c2.vhd Line: 84
Warning (10492): VHDL Process Statement warning at add_sub_c2.vhd(87): signal "res" is read inside the Process Statement but isn't in the Process Statement's sensitivity list File: C:/Users/chris/Desktop/quartus/Trabalhos/ULA/code/add_sub_c2.vhd Line: 87
Warning (10492): VHDL Process Statement warning at add_sub_c2.vhd(96): signal "res" is read inside the Process Statement but isn't in the Process Statement's sensitivity list File: C:/Users/chris/Desktop/quartus/Trabalhos/ULA/code/add_sub_c2.vhd Line: 96
Warning (10492): VHDL Process Statement warning at add_sub_c2.vhd(99): signal "res" is read inside the Process Statement but isn't in the Process Statement's sensitivity list File: C:/Users/chris/Desktop/quartus/Trabalhos/ULA/code/add_sub_c2.vhd Line: 99
Warning (12125): Using design file fa_4_bits.vhd, which is not specified as a design file for the current project, but contains definitions for 2 design units and 1 entities in project
    Info (12022): Found design unit 1: FA_4_bits-hardware File: C:/Users/chris/Desktop/quartus/Trabalhos/ULA/code/fa_4_bits.vhd Line: 35
    Info (12023): Found entity 1: FA_4_bits File: C:/Users/chris/Desktop/quartus/Trabalhos/ULA/code/fa_4_bits.vhd Line: 21
Info (12128): Elaborating entity "FA_4_bits" for hierarchy "Add_Sub_C2:Add_C2|FA_4_bits:Full_Adder" File: C:/Users/chris/Desktop/quartus/Trabalhos/ULA/code/add_sub_c2.vhd Line: 76
Warning (12125): Using design file fa.vhd, which is not specified as a design file for the current project, but contains definitions for 2 design units and 1 entities in project
    Info (12022): Found design unit 1: FA-hardware File: C:/Users/chris/Desktop/quartus/Trabalhos/ULA/code/fa.vhd Line: 33
    Info (12023): Found entity 1: FA File: C:/Users/chris/Desktop/quartus/Trabalhos/ULA/code/fa.vhd Line: 21
Info (12128): Elaborating entity "FA" for hierarchy "Add_Sub_C2:Add_C2|FA_4_bits:Full_Adder|FA:a0" File: C:/Users/chris/Desktop/quartus/Trabalhos/ULA/code/fa_4_bits.vhd Line: 49
Warning (13034): The following nodes have both tri-state and non-tri-state drivers
    Warning (13035): Inserted always-enabled tri-state buffer between "COUT" and its non-tri-state driver. File: C:/Users/chris/Desktop/quartus/Trabalhos/ULA/code/ULA.vhd Line: 41
Warning (13012): Latch res_bin[1] has unsafe behavior File: C:/Users/chris/Desktop/quartus/Trabalhos/ULA/code/ULA.vhd Line: 88
    Warning (13013): Ports D and ENA on the latch are fed by the same signal SEL[2] File: C:/Users/chris/Desktop/quartus/Trabalhos/ULA/code/ULA.vhd Line: 37
Warning (13012): Latch res_bin[2] has unsafe behavior File: C:/Users/chris/Desktop/quartus/Trabalhos/ULA/code/ULA.vhd Line: 88
    Warning (13013): Ports D and ENA on the latch are fed by the same signal SEL[2] File: C:/Users/chris/Desktop/quartus/Trabalhos/ULA/code/ULA.vhd Line: 37
Warning (13012): Latch res_bin[3] has unsafe behavior File: C:/Users/chris/Desktop/quartus/Trabalhos/ULA/code/ULA.vhd Line: 88
    Warning (13013): Ports D and ENA on the latch are fed by the same signal SEL[2] File: C:/Users/chris/Desktop/quartus/Trabalhos/ULA/code/ULA.vhd Line: 37
Warning (13012): Latch res_bin[0] has unsafe behavior File: C:/Users/chris/Desktop/quartus/Trabalhos/ULA/code/ULA.vhd Line: 88
    Warning (13013): Ports D and ENA on the latch are fed by the same signal SEL[2] File: C:/Users/chris/Desktop/quartus/Trabalhos/ULA/code/ULA.vhd Line: 37
Warning (13009): TRI or OPNDRN buffers permanently enabled
    Warning (13010): Node "COUT~synth" File: C:/Users/chris/Desktop/quartus/Trabalhos/ULA/code/ULA.vhd Line: 41
Info (286030): Timing-Driven Synthesis is running
Info (16010): Generating hard_block partition "hard_block:auto_generated_inst"
    Info (16011): Adding 0 node(s), including 0 DDIO, 0 PLL, 0 transceiver and 0 LCELL
Info (21057): Implemented 194 device resources after synthesis - the final resource count might be different
    Info (21058): Implemented 5 input pins
    Info (21059): Implemented 15 output pins
    Info (21060): Implemented 1 bidirectional pins
    Info (21061): Implemented 173 logic cells
Info: Quartus Prime Analysis & Synthesis was successful. 0 errors, 45 warnings
    Info: Peak virtual memory: 4779 megabytes
    Info: Processing ended: Sat Jul 31 00:00:01 2021
    Info: Elapsed time: 00:00:15
    Info: Total CPU time (on all processors): 00:00:30


