Flow report for counter_2_numbers
Tue Aug 31 21:00:25 2021
Quartus Prime Version 20.1.0 Build 711 06/05/2020 SJ Lite Edition


---------------------
; Table of Contents ;
---------------------
  1. Legal Notice
  2. Flow Summary
  3. Flow Settings
  4. Flow Non-Default Global Settings
  5. Flow Elapsed Time
  6. Flow OS Summary
  7. Flow Log
  8. Flow Messages
  9. Flow Suppressed Messages



----------------
; Legal Notice ;
----------------
Copyright (C) 2020  Intel Corporation. All rights reserved.
Your use of Intel Corporation's design tools, logic functions 
and other software and tools, and any partner logic 
functions, and any output files from any of the foregoing 
(including device programming or simulation files), and any 
associated documentation or information are expressly subject 
to the terms and conditions of the Intel Program License 
Subscription Agreement, the Intel Quartus Prime License Agreement,
the Intel FPGA IP License Agreement, or other applicable license
agreement, including, without limitation, that your use is for
the sole purpose of programming logic devices manufactured by
Intel and sold by Intel or its authorized distributors.  Please
refer to the applicable agreement for further details, at
https://fpgasoftware.intel.com/eula.



+----------------------------------------------------------------------------------+
; Flow Summary                                                                     ;
+------------------------------------+---------------------------------------------+
; Flow Status                        ; Successful - Tue Aug 31 21:00:25 2021       ;
; Quartus Prime Version              ; 20.1.0 Build 711 06/05/2020 SJ Lite Edition ;
; Revision Name                      ; counter_2_numbers                           ;
; Top-level Entity Name              ; counter_2_numbers                           ;
; Family                             ; Cyclone IV E                                ;
; Total logic elements               ; 94 / 6,272 ( 1 % )                          ;
;     Total combinational functions  ; 94 / 6,272 ( 1 % )                          ;
;     Dedicated logic registers      ; 70 / 6,272 ( 1 % )                          ;
; Total registers                    ; 70                                          ;
; Total pins                         ; 10 / 92 ( 11 % )                            ;
; Total virtual pins                 ; 0                                           ;
; Total memory bits                  ; 0 / 276,480 ( 0 % )                         ;
; Embedded Multiplier 9-bit elements ; 0 / 30 ( 0 % )                              ;
; Total PLLs                         ; 0 / 2 ( 0 % )                               ;
; Device                             ; EP4CE6E22C6                                 ;
; Timing Models                      ; Final                                       ;
+------------------------------------+---------------------------------------------+


+-----------------------------------------+
; Flow Settings                           ;
+-------------------+---------------------+
; Option            ; Setting             ;
+-------------------+---------------------+
; Start date & time ; 08/31/2021 20:58:10 ;
; Main task         ; Compilation         ;
; Revision Name     ; counter_2_numbers   ;
+-------------------+---------------------+


+-------------------------------------------------------------------------------------------------------------------------+
; Flow Non-Default Global Settings                                                                                        ;
+-------------------------------------+----------------------------------------+---------------+-------------+------------+
; Assignment Name                     ; Value                                  ; Default Value ; Entity Name ; Section Id ;
+-------------------------------------+----------------------------------------+---------------+-------------+------------+
; COMPILER_SIGNATURE_ID               ; 31032335788819.163045429009112         ; --            ; --          ; --         ;
; PARTITION_COLOR                     ; -- (Not supported for targeted family) ; --            ; --          ; Top        ;
; PARTITION_FITTER_PRESERVATION_LEVEL ; -- (Not supported for targeted family) ; --            ; --          ; Top        ;
; PARTITION_NETLIST_TYPE              ; -- (Not supported for targeted family) ; --            ; --          ; Top        ;
+-------------------------------------+----------------------------------------+---------------+-------------+------------+


+--------------------------------------------------------------------------------------------------------------------------+
; Flow Elapsed Time                                                                                                        ;
+----------------------+--------------+-------------------------+---------------------+------------------------------------+
; Module Name          ; Elapsed Time ; Average Processors Used ; Peak Virtual Memory ; Total CPU Time (on all processors) ;
+----------------------+--------------+-------------------------+---------------------+------------------------------------+
; Analysis & Synthesis ; 00:00:22     ; 1.0                     ; 4780 MB             ; 00:00:40                           ;
; Fitter               ; 00:00:09     ; 1.0                     ; 5234 MB             ; 00:00:09                           ;
; Assembler            ; 00:00:02     ; 1.0                     ; 4678 MB             ; 00:00:02                           ;
; Timing Analyzer      ; 00:00:04     ; 1.0                     ; 4746 MB             ; 00:00:03                           ;
; EDA Netlist Writer   ; 00:00:01     ; 1.0                     ; 4626 MB             ; 00:00:01                           ;
; EDA Netlist Writer   ; 00:00:01     ; 1.0                     ; 4634 MB             ; 00:00:01                           ;
; Total                ; 00:00:39     ; --                      ; --                  ; 00:00:56                           ;
+----------------------+--------------+-------------------------+---------------------+------------------------------------+


+------------------------------------------------------------------------------------+
; Flow OS Summary                                                                    ;
+----------------------+------------------+------------+------------+----------------+
; Module Name          ; Machine Hostname ; OS Name    ; OS Version ; Processor type ;
+----------------------+------------------+------------+------------+----------------+
; Analysis & Synthesis ; Christian-PC     ; Windows 10 ; 10.0       ; x86_64         ;
; Fitter               ; Christian-PC     ; Windows 10 ; 10.0       ; x86_64         ;
; Assembler            ; Christian-PC     ; Windows 10 ; 10.0       ; x86_64         ;
; Timing Analyzer      ; Christian-PC     ; Windows 10 ; 10.0       ; x86_64         ;
; EDA Netlist Writer   ; Christian-PC     ; Windows 10 ; 10.0       ; x86_64         ;
; EDA Netlist Writer   ; Christian-PC     ; Windows 10 ; 10.0       ; x86_64         ;
+----------------------+------------------+------------+------------+----------------+


------------
; Flow Log ;
------------
quartus_map --read_settings_files=on --write_settings_files=off counter_2_numbers -c counter_2_numbers
quartus_fit --read_settings_files=off --write_settings_files=off counter_2_numbers -c counter_2_numbers
quartus_asm --read_settings_files=off --write_settings_files=off counter_2_numbers -c counter_2_numbers
quartus_sta counter_2_numbers -c counter_2_numbers
quartus_eda --gen_testbench --tool=modelsim_oem --format=verilog --write_settings_files=off counter_2_numbers -c counter_2_numbers --vector_source=C:/Users/chris/Desktop/quartus/Trabalhos/ULA/code/counter_2_numbers/Waveform.vwf --testbench_file=C:/Users/chris/Desktop/quartus/Trabalhos/ULA/code/counter_2_numbers/simulation/qsim/Waveform.vwf.vt
quartus_eda --write_settings_files=off --simulation=on --functional=on --flatten_buses=off --tool=modelsim_oem --format=verilog --output_directory=C:/Users/chris/Desktop/quartus/Trabalhos/ULA/code/counter_2_numbers/simulation/qsim/ counter_2_numbers -c counter_2_numbers



